<?xml version="1.0" encoding="utf-8" standalone="no"?>
<!--This file represents the results of running a test suite-->
<test-results name="C:\Users\Mtech\Documents\Visual Studio 2015\Projects\MyDemo\MyDemo\bin\Debug\MyDemo.exe" total="2" errors="0" failures="0" not-run="0" inconclusive="0" ignored="0" skipped="0" invalid="0" date="2017-02-01" time="12:49:31">
  <environment nunit-version="2.6.4.14350" clr-version="2.0.50727.8745" os-version="Microsoft Windows NT 6.2.9200.0" platform="Win32NT" cwd="C:\Users\Mtech\Downloads\NUnit-2.6.4\NUnit-2.6.4\bin" machine-name="DESKTOP-A3T466R" user="Mtech" user-domain="DESKTOP-A3T466R" />
  <culture-info current-culture="en-US" current-uiculture="en-US" />
  <test-suite type="Assembly" name="C:\Users\Mtech\Documents\Visual Studio 2015\Projects\MyDemo\MyDemo\bin\Debug\MyDemo.exe" executed="True" result="Success" success="True" time="0.228" asserts="0">
    <results>
      <test-suite type="Namespace" name="MyDemo" executed="True" result="Success" success="True" time="0.194" asserts="0">
        <results>
          <test-suite type="TestFixture" name="TestClass" executed="True" result="Success" success="True" time="0.133" asserts="0">
            <results>
              <test-suite type="ParameterizedTest" name="AddTest" executed="True" result="Success" success="True" time="0.090" asserts="0">
                <results>
                  <test-case name="MyDemo.TestClass.AddTest()" executed="True" result="Success" success="True" time="0.067" asserts="1" />
                </results>
              </test-suite>
              <test-suite type="ParameterizedTest" name="SubtractTest" executed="True" result="Success" success="True" time="0.003" asserts="0">
                <results>
                  <test-case name="MyDemo.TestClass.SubtractTest()" executed="True" result="Success" success="True" time="0.001" asserts="1" />
                </results>
              </test-suite>
            </results>
          </test-suite>
        </results>
      </test-suite>
    </results>
  </test-suite>
</test-results>